2025-04-20 12:08:03,088 | INFO | 🚀 Starting orthodox stacking pipeline
2025-04-20 12:08:03,088 | INFO | 🔄 Starting: Loading Processed Datasets
2025-04-20 12:08:09,427 | INFO | ✅ Completed: Loading Processed Datasets in 6.34s

2025-04-20 12:08:09,427 | INFO | 🔄 Starting: Concatenating All Features
2025-04-20 12:08:11,620 | INFO | ✅ Completed: Concatenating All Features in 2.19s

2025-04-20 12:08:11,620 | INFO | 🔄 Starting: Orthodox Base Models Training
2025-04-20 12:08:18,517 | INFO |    AUC for fold 1: 0.7581
2025-04-20 12:08:23,836 | INFO |    AUC for fold 2: 0.7624
2025-04-20 12:08:29,026 | INFO |    AUC for fold 3: 0.7589
2025-04-20 12:08:34,154 | INFO |    AUC for fold 4: 0.7580
2025-04-20 12:08:39,352 | INFO |    AUC for fold 5: 0.7555
2025-04-20 12:08:39,395 | INFO | [all] xgb FINAL OOF AUC: 0.7586
2025-04-20 12:08:45,563 | INFO |    AUC for fold 1: 0.7681
2025-04-20 12:08:51,475 | INFO |    AUC for fold 2: 0.7762
2025-04-20 12:08:57,850 | INFO |    AUC for fold 3: 0.7704
2025-04-20 12:09:03,878 | INFO |    AUC for fold 4: 0.7715
2025-04-20 12:09:09,799 | INFO |    AUC for fold 5: 0.7683
2025-04-20 12:09:09,844 | INFO | [all] lgb FINAL OOF AUC: 0.7709
2025-04-20 12:09:26,972 | INFO |    AUC for fold 1: 0.7075
2025-04-20 12:09:43,779 | INFO |    AUC for fold 2: 0.7164
2025-04-20 12:10:05,656 | INFO |    AUC for fold 3: 0.7154
2025-04-20 12:10:33,023 | INFO |    AUC for fold 4: 0.7143
2025-04-20 12:10:51,417 | INFO |    AUC for fold 5: 0.7141
2025-04-20 12:10:51,468 | INFO | [all] logreg FINAL OOF AUC: 0.7135
2025-04-20 12:13:31,984 | INFO |    AUC for fold 1: 0.7016
2025-04-20 12:16:13,917 | INFO |    AUC for fold 2: 0.7091
2025-04-20 12:18:56,140 | INFO |    AUC for fold 3: 0.7014
2025-04-20 12:21:36,527 | INFO |    AUC for fold 4: 0.7057
2025-04-20 12:24:16,288 | INFO |    AUC for fold 5: 0.7075
2025-04-20 12:24:16,400 | INFO | [all] rf FINAL OOF AUC: 0.7051
2025-04-20 12:24:47,802 | INFO |    AUC for fold 1: 0.5540
2025-04-20 12:25:21,665 | INFO |    AUC for fold 2: 0.5506
2025-04-20 12:25:54,445 | INFO |    AUC for fold 3: 0.5601
2025-04-20 12:26:28,374 | INFO |    AUC for fold 4: 0.5485
2025-04-20 12:27:00,164 | INFO |    AUC for fold 5: 0.5497
2025-04-20 12:27:00,430 | INFO | [all] knn FINAL OOF AUC: 0.5526
2025-04-20 12:27:00,433 | INFO | [all] ✅ Top 3 Models by AUC: ['lgb', 'xgb', 'logreg']

2025-04-20 12:27:01,147 | INFO | ✅ Completed: Orthodox Base Models Training in 1129.53s

2025-04-20 12:27:01,148 | INFO | 🔄 Starting: Orthodox Meta Model Training
2025-04-20 12:27:01,854 | INFO | [ORTHODOX META] Logistic Regression AUC (CV): 0.7719
2025-04-20 12:27:02,004 | INFO | ✅ Completed: Orthodox Meta Model Training in 0.86s

2025-04-20 12:27:02,004 | INFO | 🎯 Orthodox stacking pipeline completed.
